__________________________________________________
27:    2.006486 | 0.796600    30000
__________________________________________________
parent node: 27 ->
26:    2.023031 | 0.794567    30000
11:    0.000000 | 0.001467    30000
__________________________________________________
parent node: 26 ->
25:    1.992857 | 0.779300    30000
23:    0.000000 | 0.002467    30000
__________________________________________________
parent node: 25 ->
24:    0.000000 | 0.003867    28188
22:    1.945856 | 0.803526    7884
__________________________________________________
parent node: 22 ->
19:    2.203429 | 0.833117    1540
8:    0.000000 | 0.002337    13266
__________________________________________________
parent node: 19 ->
18:    0.000000 | 0.000000    2358
16:    1.984634 | 0.711323    3568
__________________________________________________
parent node: 16 ->
10:    0.000000 | 0.000000    7858
2:    2.049393 | 0.808187    2956
- The total running time of tree search is  3.4551243782043457  s

- Check L1 identification result firstly ...
- Only 1 cluster is identified ...
